<?xml version="1.0" encoding="UTF-8"?>
<!-- Generated by org.testng.reporters.JUnitReportReporter -->
<testsuite hostname="DESKTOP-CTNIRRU" failures="0" tests="1" name="testNGLearn.DashBoardTest" time="0.000" errors="0" timestamp="2025-03-14T07:26:51 IST" skipped="1">
  <testcase classname="testNGLearn.DashBoardTest" name="dbTest" time="0.000">
    <skipped/>
  </testcase> <!-- dbTest -->
</testsuite> <!-- testNGLearn.DashBoardTest -->
