<?xml version="1.0" encoding="UTF-8"?>
<!-- Generated by org.testng.reporters.JUnitReportReporter -->
<testsuite hostname="DESKTOP-CTNIRRU" failures="0" tests="8" name="testNGLearn.TestAnnotationLearn" time="0.024" errors="0" timestamp="2025-03-13T07:24:25 IST" skipped="0">
  <testcase classname="testNGLearn.TestAnnotationLearn" name="test4" time="0.013"/>
  <testcase classname="testNGLearn.TestAnnotationLearn" name="test2" time="0.002"/>
  <testcase classname="testNGLearn.TestAnnotationLearn" name="test1" time="0.002"/>
  <testcase classname="testNGLearn.TestAnnotationLearn" name="test3" time="0.002"/>
  <testcase classname="testNGLearn.TestAnnotationLearn" name="test3" time="0.002"/>
  <testcase classname="testNGLearn.TestAnnotationLearn" name="test3" time="0.001"/>
  <testcase classname="testNGLearn.TestAnnotationLearn" name="test3" time="0.001"/>
  <testcase classname="testNGLearn.TestAnnotationLearn" name="test3" time="0.001"/>
</testsuite> <!-- testNGLearn.TestAnnotationLearn -->
