<?xml version="1.0" encoding="UTF-8"?>
<!-- Generated by org.testng.reporters.JUnitReportReporter -->
<testsuite hostname="DESKTOP-CTNIRRU" failures="0" tests="2" name="testNGLearn.TestNGWithSelenium" time="6.049" errors="0" timestamp="2025-03-12T07:31:20 IST" skipped="0">
  <testcase classname="testNGLearn.TestNGWithSelenium" name="tableDataRead" time="1.785"/>
  <testcase classname="testNGLearn.TestNGWithSelenium" name="alerts" time="4.264"/>
</testsuite> <!-- testNGLearn.TestNGWithSelenium -->
