<?xml version="1.0" encoding="UTF-8"?>
<!-- Generated by org.testng.reporters.JUnitReportReporter -->
<testsuite hostname="DESKTOP-CTNIRRU" failures="0" tests="3" name="testNGLearn.BasicsOfTestNG" time="0.019" errors="0" timestamp="2025-03-11T08:11:11 IST" skipped="0">
  <testcase classname="testNGLearn.BasicsOfTestNG" name="testMethod2" time="0.004"/>
  <testcase classname="testNGLearn.BasicsOfTestNG" name="testMethod1" time="0.004"/>
  <testcase classname="testNGLearn.BasicsOfTestNG" name="testMethod" time="0.011"/>
</testsuite> <!-- testNGLearn.BasicsOfTestNG -->
